[8/17/2025, 4:02:04 PM] (XzvikaNigga#8098711) ❌ Failed to perform initial user turn: Error: Unexpected response for tile 1093,825: {"status":403,"data":{"charges":67.16513333333334,"painted":0}}
    at WPlacer._executePaint (file:///C:/Users/Bob%20Johnson%20Brother/Desktop/wplacer-main/wplacer.js:200:19)
    at async WPlacer.paint (file:///C:/Users/Bob%20Johnson%20Brother/Desktop/wplacer-main/wplacer.js:286:32)
    at async TemplateManager.start (file:///C:/Users/Bob%20Johnson%20Brother/Desktop/wplacer-main/index.js:129:25)
[8/17/2025, 4:06:19 PM] (قدويلولل#7476986) ❌ Failed to perform initial user turn: Error: Unexpected response for tile 1093,825: {"status":403,"data":{"charges":81.16556666666668,"painted":0}}
    at WPlacer._executePaint (file:///C:/Users/Bob%20Johnson%20Brother/Desktop/wplacer-main/wplacer.js:200:19)
    at async WPlacer.paint (file:///C:/Users/Bob%20Johnson%20Brother/Desktop/wplacer-main/wplacer.js:286:32)
    at async TemplateManager.start (file:///C:/Users/Bob%20Johnson%20Brother/Desktop/wplacer-main/index.js:129:25)
[8/17/2025, 4:25:38 PM] (N/A#NEW_USER) ❌ Failed to add new user: Error: Failed to parse server response. The service may be down or returning an invalid format. Response: "{"error":"Not Found","status":404}"
    at WPlacer.loadUserInfo (file:///C:/Users/Bob%20Johnson%20Brother/Desktop/wplacer-main/wplacer.js:89:19)
    at async WPlacer.login (file:///C:/Users/Bob%20Johnson%20Brother/Desktop/wplacer-main/wplacer.js:61:9)
    at async file:///C:/Users/Bob%20Johnson%20Brother/Desktop/wplacer-main/index.js:307:26
[8/17/2025, 4:46:59 PM] (niggaz finalboss#7272500) ❌ Failed to validate cookie: Error: Failed to parse server response. The service may be down or returning an invalid format. Response: "{"error":"Not Found","status":404}"
    at WPlacer.loadUserInfo (file:///C:/Users/Bob%20Johnson%20Brother/Desktop/wplacer-main/wplacer.js:89:19)
    at async WPlacer.login (file:///C:/Users/Bob%20Johnson%20Brother/Desktop/wplacer-main/wplacer.js:61:9)
    at async file:///C:/Users/Bob%20Johnson%20Brother/Desktop/wplacer-main/index.js:294:26
[8/17/2025, 4:47:01 PM] (قدويلولل#7476986) ❌ Failed to validate cookie: Error: Failed to parse server response. The service may be down or returning an invalid format. Response: "{"error":"Not Found","status":404}"
    at WPlacer.loadUserInfo (file:///C:/Users/Bob%20Johnson%20Brother/Desktop/wplacer-main/wplacer.js:89:19)
    at async WPlacer.login (file:///C:/Users/Bob%20Johnson%20Brother/Desktop/wplacer-main/wplacer.js:61:9)
    at async file:///C:/Users/Bob%20Johnson%20Brother/Desktop/wplacer-main/index.js:294:26
[8/17/2025, 5:20:10 PM] (atchyw astaf#7237547) ❌ Failed to check pixels left: Error: Failed to launch the browser process! undefined


TROUBLESHOOTING: https://pptr.dev/troubleshooting

    at ChildProcess.onClose (C:\Users\Bob Johnson Brother\Desktop\wplacer-main\node_modules\@puppeteer\browsers\lib\cjs\launch.js:325:24)
    at ChildProcess.emit (node:events:530:35)
    at ChildProcess._handle.onexit (node:internal/child_process:293:12)
[8/17/2025, 5:30:03 PM] (نيقا#7277150) ❌ Failed to check user status: Error: Failed to launch the browser process! undefined


TROUBLESHOOTING: https://pptr.dev/troubleshooting

    at ChildProcess.onClose (C:\Users\Bob Johnson Brother\Desktop\wplacer-main\node_modules\@puppeteer\browsers\lib\cjs\launch.js:325:24)
    at ChildProcess.emit (node:events:530:35)
    at ChildProcess._handle.onexit (node:internal/child_process:293:12)
[8/17/2025, 7:23:16 PM] (the big nigga#7397910) ❌ Failed to validate cookie: Error: Failed to launch the browser process! undefined
[18032:11692:0817/192316.484:ERROR:chrome\browser\process_singleton_win.cc:421] Lock file can not be created! Error code: 3
[18032:11692:0817/192316.484:ERROR:chrome\app\chrome_main_delegate.cc:529] Failed to create a ProcessSingleton for your profile directory. This means that running multiple instances would start multiple browser processes rather than opening a new window in the existing process. Aborting now to avoid profile corruption.


TROUBLESHOOTING: https://pptr.dev/troubleshooting

    at ChildProcess.onClose (C:\Users\Bob Johnson Brother\Desktop\wplacer-main\node_modules\@puppeteer\browsers\lib\cjs\launch.js:325:24)
    at ChildProcess.emit (node:events:530:35)
    at ChildProcess._handle.onexit (node:internal/child_process:293:12)
[8/17/2025, 7:54:53 PM] (XzvikaNigga#8098711) ❌ Failed to validate cookie: TimeoutError: Navigation timeout of 30000 ms exceeded
    at new Deferred (C:\Users\Bob Johnson Brother\Desktop\wplacer-main\node_modules\puppeteer-core\lib\cjs\puppeteer\util\Deferred.js:60:34)
    at Deferred.create (C:\Users\Bob Johnson Brother\Desktop\wplacer-main\node_modules\puppeteer-core\lib\cjs\puppeteer\util\Deferred.js:21:16)
    at new LifecycleWatcher (C:\Users\Bob Johnson Brother\Desktop\wplacer-main\node_modules\puppeteer-core\lib\cjs\puppeteer\cdp\LifecycleWatcher.js:69:60)
    at CdpFrame.goto (C:\Users\Bob Johnson Brother\Desktop\wplacer-main\node_modules\puppeteer-core\lib\cjs\puppeteer\cdp\Frame.js:149:29)
    at CdpFrame.<anonymous> (C:\Users\Bob Johnson Brother\Desktop\wplacer-main\node_modules\puppeteer-core\lib\cjs\puppeteer\util\decorators.js:109:27)
    at CdpPage.goto (C:\Users\Bob Johnson Brother\Desktop\wplacer-main\node_modules\puppeteer-core\lib\cjs\puppeteer\api\Page.js:574:43)
    at WPlacer.loadUserInfo (file:///C:/Users/Bob%20Johnson%20Brother/Desktop/wplacer-main/wplacer.js:69:23)
    at async WPlacer.login (file:///C:/Users/Bob%20Johnson%20Brother/Desktop/wplacer-main/wplacer.js:61:9)
    at async file:///C:/Users/Bob%20Johnson%20Brother/Desktop/wplacer-main/index.js:294:26
[8/17/2025, 7:56:05 PM] (نيقا#7277150) ❌ Failed to validate cookie: TimeoutError: Navigation timeout of 30000 ms exceeded
    at new Deferred (C:\Users\Bob Johnson Brother\Desktop\wplacer-main\node_modules\puppeteer-core\lib\cjs\puppeteer\util\Deferred.js:60:34)
    at Deferred.create (C:\Users\Bob Johnson Brother\Desktop\wplacer-main\node_modules\puppeteer-core\lib\cjs\puppeteer\util\Deferred.js:21:16)
    at new LifecycleWatcher (C:\Users\Bob Johnson Brother\Desktop\wplacer-main\node_modules\puppeteer-core\lib\cjs\puppeteer\cdp\LifecycleWatcher.js:69:60)
    at CdpFrame.goto (C:\Users\Bob Johnson Brother\Desktop\wplacer-main\node_modules\puppeteer-core\lib\cjs\puppeteer\cdp\Frame.js:149:29)
    at CdpFrame.<anonymous> (C:\Users\Bob Johnson Brother\Desktop\wplacer-main\node_modules\puppeteer-core\lib\cjs\puppeteer\util\decorators.js:109:27)
    at CdpPage.goto (C:\Users\Bob Johnson Brother\Desktop\wplacer-main\node_modules\puppeteer-core\lib\cjs\puppeteer\api\Page.js:574:43)
    at WPlacer.loadUserInfo (file:///C:/Users/Bob%20Johnson%20Brother/Desktop/wplacer-main/wplacer.js:69:23)
    at async WPlacer.login (file:///C:/Users/Bob%20Johnson%20Brother/Desktop/wplacer-main/wplacer.js:61:9)
    at async file:///C:/Users/Bob%20Johnson%20Brother/Desktop/wplacer-main/index.js:294:26
[8/17/2025, 9:08:42 PM] (the big nigga#7397910) ❌ Failed to validate cookie: Error: Failed to parse server response. The service may be down or returning an invalid format. Response: "{"error":"Not Found","status":404}"
    at WPlacer.loadUserInfo (file:///C:/Users/Bob%20Johnson%20Brother/Desktop/wplacer-main/wplacer.js:89:19)
    at async WPlacer.login (file:///C:/Users/Bob%20Johnson%20Brother/Desktop/wplacer-main/wplacer.js:61:9)
    at async file:///C:/Users/Bob%20Johnson%20Brother/Desktop/wplacer-main/index.js:294:26
[8/17/2025, 9:08:42 PM] (XzvikaNigga#8098711) ❌ Failed to validate cookie: Error: Failed to launch the browser process! undefined
[0817/210842.582:ERROR:third_party\crashpad\crashpad\client\crash_report_database_win.cc:593] GetFileAttributes C:\Users\BOBJOH~1\AppData\Local\Temp\puppeteer_dev_profile-tU0qyu\Crashpad: The system cannot find the file specified. (0x2)
[12080:14156:0817/210842.767:ERROR:chrome\browser\process_singleton_win.cc:421] Lock file can not be created! Error code: 3
[12080:14156:0817/210842.767:ERROR:chrome\app\chrome_main_delegate.cc:529] Failed to create a ProcessSingleton for your profile directory. This means that running multiple instances would start multiple browser processes rather than opening a new window in the existing process. Aborting now to avoid profile corruption.


TROUBLESHOOTING: https://pptr.dev/troubleshooting

    at ChildProcess.onClose (C:\Users\Bob Johnson Brother\Desktop\wplacer-main\node_modules\@puppeteer\browsers\lib\cjs\launch.js:325:24)
    at ChildProcess.emit (node:events:530:35)
    at ChildProcess._handle.onexit (node:internal/child_process:293:12)
[8/17/2025, 9:34:31 PM] (the big nigga#7397910) ❌ Failed to validate cookie: Error: Failed to parse server response. The service may be down or returning an invalid format. Response: "{"error":"Not Found","status":404}"
    at WPlacer.loadUserInfo (file:///C:/Users/Bob%20Johnson%20Brother/Desktop/wplacer-main/wplacer.js:89:19)
    at async WPlacer.login (file:///C:/Users/Bob%20Johnson%20Brother/Desktop/wplacer-main/wplacer.js:61:9)
    at async file:///C:/Users/Bob%20Johnson%20Brother/Desktop/wplacer-main/index.js:294:26
[8/17/2025, 9:41:59 PM] (atchyw astaf#7237547) ❌ Failed to perform initial user turn: Error: Unexpected response for tile 1093,825: {"status":403,"data":{"charges":1.8405666666666831,"painted":0}}
    at WPlacer._executePaint (file:///C:/Users/Bob%20Johnson%20Brother/Desktop/wplacer-main/wplacer.js:200:19)
    at async WPlacer.paint (file:///C:/Users/Bob%20Johnson%20Brother/Desktop/wplacer-main/wplacer.js:286:32)
    at async TemplateManager.start (file:///C:/Users/Bob%20Johnson%20Brother/Desktop/wplacer-main/index.js:129:25)
[8/17/2025, 9:51:26 PM] (XzvikaNigga#8098711) ❌ Failed to validate cookie: Error: Failed to launch the browser process! undefined
[13960:18848:0817/215126.401:ERROR:chrome\browser\process_singleton_win.cc:421] Lock file can not be created! Error code: 3
[13960:18848:0817/215126.401:ERROR:chrome\app\chrome_main_delegate.cc:529] Failed to create a ProcessSingleton for your profile directory. This means that running multiple instances would start multiple browser processes rather than opening a new window in the existing process. Aborting now to avoid profile corruption.


TROUBLESHOOTING: https://pptr.dev/troubleshooting

    at ChildProcess.onClose (C:\Users\Bob Johnson Brother\Desktop\wplacer-main\node_modules\@puppeteer\browsers\lib\cjs\launch.js:325:24)
    at ChildProcess.emit (node:events:530:35)
    at ChildProcess._handle.onexit (node:internal/child_process:293:12)
[8/17/2025, 9:54:30 PM] (XzvikaNigga#8098711) ❌ Failed to validate cookie: Error: Failed to launch the browser process!
[0817/215429.949:ERROR:third_party\crashpad\crashpad\util\win\registration_protocol_win.cc:136] TransactNamedPipe: The pipe has been ended. (0x6D)
[7472:7984:0817/215430.040:ERROR:chrome\browser\process_singleton_win.cc:421] Lock file can not be created! Error code: 3
[7472:7984:0817/215430.040:ERROR:chrome\app\chrome_main_delegate.cc:529] Failed to create a ProcessSingleton for your profile directory. This means that running multiple instances would start multiple browser processes rather than opening a new window in the existing process. Aborting now to avoid profile corruption.


TROUBLESHOOTING: https://pptr.dev/troubleshooting

    at Interface.onClose (C:\Users\Bob Johnson Brother\Desktop\wplacer-main\node_modules\@puppeteer\browsers\lib\cjs\launch.js:325:24)
    at Interface.emit (node:events:530:35)
    at Interface.close (node:internal/readline/interface:534:10)
    at Socket.onend (node:internal/readline/interface:260:10)
    at Socket.emit (node:events:530:35)
    at endReadableNT (node:internal/streams/readable:1698:12)
    at process.processTicksAndRejections (node:internal/process/task_queues:90:21)
